<?xml version="1.0" encoding="UTF-8"?>
<!-- Generated by org.testng.reporters.JUnitReportReporter -->
<testsuite skipped="0" hostname="DESKTOP-SDNC896" name="qaclickacademy.RESTAPITest" tests="1" failures="0" timestamp="19 Oct 2020 21:54:25 GMT" time="0.002" errors="0">
  <testcase name="restapi" time="0.002" classname="qaclickacademy.RESTAPITest"/>
</testsuite> <!-- qaclickacademy.RESTAPITest -->
