<?xml version="1.0" encoding="UTF-8"?>
<!-- Generated by org.testng.reporters.JUnitReportReporter -->
<testsuite skipped="0" hostname="DESKTOP-SDNC896" name="qaclickacademy.SeleniumTest" tests="1" failures="0" timestamp="19 Oct 2020 21:54:25 GMT" time="0.011" errors="0">
  <testcase name="sel" time="0.011" classname="qaclickacademy.SeleniumTest"/>
</testsuite> <!-- qaclickacademy.SeleniumTest -->
