<?xml version="1.0" encoding="UTF-8"?>
<!-- Generated by org.testng.reporters.JUnitReportReporter -->
<testsuite skipped="0" hostname="DESKTOP-SDNC896" name="qaclickacademy.Selenium" tests="1" failures="0" timestamp="03 Nov 2019 18:35:08 GMT" time="0.008" errors="0">
  <testcase name="sel" time="0.008" classname="qaclickacademy.Selenium"/>
</testsuite> <!-- qaclickacademy.Selenium -->
