<?xml version="1.0" encoding="UTF-8"?>
<!-- Generated by org.testng.reporters.JUnitReportReporter -->
<testsuite hostname="DESKTOP-SDNC896" name="qaclickacademy.SeleniumTest" tests="1" failures="0" timestamp="19 Oct 2020 21:51:00 GMT" time="0.006" errors="0">
  <testcase name="sel" time="0.006" classname="qaclickacademy.SeleniumTest"/>
</testsuite> <!-- qaclickacademy.SeleniumTest -->
